<?xml version="1.0" encoding="UTF-8"?>
<testsuites tests="3" failures="0" disabled="2" errors="0" time="0.025" timestamp="2023-06-23T06:19:31" name="AllTests">
  <testsuite name="TestClasses" tests="1" failures="0" disabled="1" errors="0" time="0" timestamp="1969-12-31T16:00:00">
    <testcase name="DISABLED_Parameters" status="notrun" result="suppressed" time="0" timestamp="1969-12-31T16:00:00" classname="TestClasses" />
  </testsuite>
  <testsuite name="TestClass" tests="1" failures="0" disabled="1" errors="0" time="0" timestamp="1969-12-31T16:00:00">
    <testcase name="DISABLED_CheckCounterValue" status="notrun" result="suppressed" time="0" timestamp="1969-12-31T16:00:00" classname="TestClass" />
  </testsuite>
  <testsuite name="Mock" tests="1" failures="0" disabled="0" errors="0" time="0.001" timestamp="2023-06-23T06:19:32">
    <testcase name="testMock" status="run" result="completed" time="0" timestamp="2023-06-23T06:19:32" classname="Mock" />
  </testsuite>
</testsuites>
